<?xml version="1.0" encoding="UTF-8"?>
<!-- Generated by org.testng.reporters.JUnitReportReporter -->
<testsuite skipped="0" hostname="DESKTOP-F5KFQ35" name="googletest.Extendreportclassfortestng" tests="2" failures="0" timestamp="07 Jun 2019 11:13:06 GMT" time="2.121" errors="0">
  <testcase name="test1" time="2.120" classname="googletest.Extendreportclassfortestng"/>
  <testcase name="test2" time="0.001" classname="googletest.Extendreportclassfortestng"/>
</testsuite> <!-- googletest.Extendreportclassfortestng -->
