<?xml version="1.0" encoding="UTF-8"?>
<!-- Generated by org.testng.reporters.JUnitReportReporter -->
<testsuite skipped="0" hostname="Cognam-PC-75" name="Multiplebrowser" tests="1" failures="0" timestamp="26 Sep 2019 07:47:40 GMT" time="11.434" errors="0">
  <testcase name="browser1" time="11.434" classname="Multiplebrowser"/>
</testsuite> <!-- Multiplebrowser -->
