<?xml version="1.0" encoding="UTF-8"?>
<!-- Generated by org.testng.reporters.JUnitReportReporter -->
<testsuite skipped="0" hostname="Cognam-PC-75" name="googletest.Googlesearchpage" tests="1" failures="0" timestamp="21 Jan 2020 08:32:55 GMT" time="8.651" errors="0">
  <testcase name="test" time="8.651" classname="googletest.Googlesearchpage"/>
</testsuite> <!-- googletest.Googlesearchpage -->
