<?xml version="1.0" encoding="UTF-8"?>
<!-- Generated by org.testng.reporters.JUnitReportReporter -->
<testsuite skipped="0" hostname="Cognam-PC-75" name="util.Multiplebrowser" tests="1" failures="0" timestamp="26 Sep 2019 08:24:44 GMT" time="7.698" errors="0">
  <testcase name="browser1" time="7.698" classname="util.Multiplebrowser"/>
</testsuite> <!-- util.Multiplebrowser -->
