<?xml version="1.0" encoding="UTF-8"?>
<!-- Generated by org.testng.reporters.JUnitReportReporter -->
<testsuite skipped="0" hostname="Cognam-PC-75" name="Browserfiles.Browserfactory" tests="1" failures="0" timestamp="21 Jan 2020 08:39:40 GMT" time="4.984" errors="0">
  <testcase name="Browser" time="4.984" classname="Browserfiles.Browserfactory"/>
</testsuite> <!-- Browserfiles.Browserfactory -->
