<?xml version="1.0" encoding="UTF-8"?>
<!-- Generated by org.testng.reporters.JUnitReportReporter -->
<testsuite skipped="0" hostname="Cognam-PC-75" name="googletest.TestNG_DEMO" tests="1" failures="0" timestamp="21 Jan 2020 08:31:35 GMT" time="2.016" errors="0">
  <testcase name="googlesearchtest" time="2.016" classname="googletest.TestNG_DEMO"/>
</testsuite> <!-- googletest.TestNG_DEMO -->
