<?xml version="1.0" encoding="UTF-8"?>
<!-- Generated by org.testng.reporters.JUnitReportReporter -->
<testsuite skipped="0" hostname="Cognam-PC-75" name="utilpacket.Multibrowser" tests="1" failures="0" timestamp="23 Sep 2019 11:10:16 GMT" time="6.383" errors="0">
  <testcase name="browser1" time="6.383" classname="utilpacket.Multibrowser"/>
</testsuite> <!-- utilpacket.Multibrowser -->
