<?xml version="1.0" encoding="UTF-8"?>
<!-- Generated by org.testng.reporters.JUnitReportReporter -->
<testsuite skipped="0" hostname="DESKTOP-F5KFQ35" name="googletest.Googlesearchtest1" tests="1" failures="0" timestamp="04 Jun 2019 11:50:20 GMT" time="13.178" errors="0">
  <testcase name="test" time="13.178" classname="googletest.Googlesearchtest1"/>
</testsuite> <!-- googletest.Googlesearchtest1 -->
