<?xml version="1.0" encoding="UTF-8"?>
<!-- Generated by org.testng.reporters.JUnitReportReporter -->
<testsuite skipped="0" hostname="Cognam-PC-75" name="utilpacket.Testlaunchclass" tests="1" failures="0" timestamp="26 Sep 2019 08:40:25 GMT" time="3.956" errors="0">
  <testcase name="Step01_launchApplication" time="3.956" classname="utilpacket.Testlaunchclass"/>
</testsuite> <!-- utilpacket.Testlaunchclass -->
