<?xml version="1.0" encoding="UTF-8"?>
<!-- Generated by org.testng.reporters.JUnitReportReporter -->
<testsuite skipped="0" hostname="Cognam-PC-75" name="testpackage1.Googlesearchtest1" tests="1" failures="0" timestamp="26 Sep 2019 08:18:06 GMT" time="4.298" errors="0">
  <testcase name="maintest" time="4.298" classname="testpackage1.Googlesearchtest1"/>
</testsuite> <!-- testpackage1.Googlesearchtest1 -->
