<?xml version="1.0" encoding="UTF-8"?>
<!-- Generated by org.testng.reporters.JUnitReportReporter -->
<testsuite skipped="2" hostname="DESKTOP-3MAO3NH" name="googletest.Testclass2" tests="3" failures="0" timestamp="20 May 2020 07:03:25 GMT" time="0.001" errors="1">
  <testcase name="Browseropen" time="0.000" classname="googletest.Testclass2">
    <skipped/>
  </testcase> <!-- Browseropen -->
  <testcase name="Clicking_On_Products" time="0.000" classname="googletest.Testclass2">
    <skipped/>
  </testcase> <!-- Clicking_On_Products -->
  <testcase name="StartUp1" time="0.001" classname="googletest.Testclass2">
    <error type="java.lang.NullPointerException">
      <![CDATA[java.lang.NullPointerException
at Browserfiles.Baseclass.StartUp1(Baseclass.java:60)
at sun.reflect.NativeMethodAccessorImpl.invoke0(Native Method)
at sun.reflect.NativeMethodAccessorImpl.invoke(Unknown Source)
at sun.reflect.DelegatingMethodAccessorImpl.invoke(Unknown Source)
at java.lang.reflect.Method.invoke(Unknown Source)
at org.testng.internal.MethodInvocationHelper.invokeMethod(MethodInvocationHelper.java:124)
at org.testng.internal.MethodInvocationHelper.invokeMethodConsideringTimeout(MethodInvocationHelper.java:59)
at org.testng.internal.Invoker.invokeConfigurationMethod(Invoker.java:458)
at org.testng.internal.Invoker.invokeConfigurations(Invoker.java:222)
at org.testng.internal.Invoker.invokeConfigurations(Invoker.java:142)
at org.testng.internal.TestMethodWorker.invokeBeforeClassMethods(TestMethodWorker.java:168)
at org.testng.internal.TestMethodWorker.run(TestMethodWorker.java:105)
at java.util.concurrent.ThreadPoolExecutor.runWorker(Unknown Source)
at java.util.concurrent.ThreadPoolExecutor$Worker.run(Unknown Source)
at java.lang.Thread.run(Unknown Source)
]]>
    </error>
  </testcase> <!-- StartUp1 -->
</testsuite> <!-- googletest.Testclass2 -->
