<?xml version="1.0" encoding="UTF-8"?>
<!-- Generated by org.testng.reporters.JUnitReportReporter -->
<testsuite skipped="0" hostname="Cognam-PC-75" name="Multibrowser2" tests="1" failures="0" timestamp="15 Nov 2019 10:29:43 GMT" time="6.000" errors="0">
  <testcase name="openbr" time="6.000" classname="Multibrowser2"/>
</testsuite> <!-- Multibrowser2 -->
