<?xml version="1.0" encoding="UTF-8"?>
<!-- Generated by org.testng.reporters.JUnitReportReporter -->
<testsuite skipped="0" hostname="Cognam-PC-75" name="UtilReport.Multibrowser2" tests="1" failures="0" timestamp="23 Jan 2020 10:35:06 GMT" time="6.405" errors="0">
  <testcase name="openbr" time="6.405" classname="UtilReport.Multibrowser2"/>
</testsuite> <!-- UtilReport.Multibrowser2 -->
