<?xml version="1.0" encoding="UTF-8"?>
<!-- Generated by org.testng.reporters.JUnitReportReporter -->
<testsuite skipped="0" hostname="DESKTOP-F5KFQ35" name="googletest.DesireCapabilities" tests="1" failures="0" timestamp="07 Jun 2019 12:06:48 GMT" time="3.332" errors="0">
  <testcase name="system" time="3.332" classname="googletest.DesireCapabilities"/>
</testsuite> <!-- googletest.DesireCapabilities -->
